<?xml version="1.0" encoding="UTF-8"?>
<!-- Generated by org.testng.reporters.JUnitReportReporter -->
<testsuite hostname="LAPTOP-U6N7CFLI" name="PackTwo.DependencyAnnot" tests="6" failures="0" timestamp="9 Apr 2017 08:30:03 GMT" time="221.036" errors="0">
  <testcase name="FlightBooking" time="0.000" classname="PackTwo.DependencyAnnot"/>
  <testcase name="HomePage" time="0.000" classname="PackTwo.DependencyAnnot"/>
  <testcase name="Login" time="110.542" classname="PackTwo.DependencyAnnot"/>
  <testcase name="CreditCardPayment" time="0.016" classname="PackTwo.DependencyAnnot"/>
  <testcase name="LogiPage" time="0.000" classname="PackTwo.DependencyAnnot"/>
  <testcase name="OpeningBrowser" time="110.478" classname="PackTwo.DependencyAnnot"/>
</testsuite>
