<?xml version="1.0" encoding="UTF-8"?>
<!-- Generated by org.testng.reporters.JUnitReportReporter -->
<testsuite hostname="LAPTOP-U6N7CFLI" name="PackTwo.Annotations" tests="3" failures="0" timestamp="9 Apr 2017 08:30:03 GMT" time="0.000" errors="0">
  <testcase name="AOpeningBrowser" time="0.000" classname="PackTwo.Annotations"/>
  <testcase name="FlightBooking" time="0.000" classname="PackTwo.Annotations"/>
  <testcase name="FlightCancel" time="0.000" classname="PackTwo.Annotations"/>
</testsuite>
