<?xml version="1.0" encoding="UTF-8"?>
<!-- Generated by org.testng.reporters.JUnitReportReporter -->
<testsuite skipped="0" hostname="LAPTOP-U6N7CFLI" name="dataDriven.Annotations" tests="4" failures="0" timestamp="03 Apr 2017 18:50:33 GMT" time="0.021" errors="0">
  <testcase name="AOpeningBrowser" time="0.012" classname="dataDriven.Annotations"/>
  <testcase name="userid" time="0.003" classname="dataDriven.Annotations"/>
  <testcase name="FlightBooking" time="0.003" classname="dataDriven.Annotations"/>
  <testcase name="userid" time="0.003" classname="dataDriven.Annotations"/>
</testsuite> <!-- dataDriven.Annotations -->
