<?xml version="1.0" encoding="UTF-8"?>
<!-- Generated by org.testng.reporters.JUnitReportReporter -->
<testsuite skipped="1" hostname="LAPTOP-U6N7CFLI" name="testngFiles.DependencyAnnot" tests="6" failures="0" timestamp="03 Apr 2017 17:36:16 GMT" time="0.022" errors="0">
  <testcase name="FlightBooking" time="0.002" classname="testngFiles.DependencyAnnot"/>
  <testcase name="OpeningBrowser" time="0.002" classname="testngFiles.DependencyAnnot"/>
  <testcase name="LogiPage" time="0.002" classname="testngFiles.DependencyAnnot"/>
  <testcase name="CreditCardPayment" time="0.014" classname="testngFiles.DependencyAnnot"/>
  <testcase name="HomePage" time="0.002" classname="testngFiles.DependencyAnnot"/>
  <testcase name="PaymentPage" classname="testngFiles.DependencyAnnot">
    <skipped/>
  </testcase> <!-- PaymentPage -->
</testsuite> <!-- testngFiles.DependencyAnnot -->
