<?xml version="1.0" encoding="UTF-8"?>
<!-- Generated by org.testng.reporters.JUnitReportReporter -->
<testsuite hostname="LAPTOP-U6N7CFLI" name="testngFiles2.DependencyAnnot" tests="5" failures="0" timestamp="9 Apr 2017 08:30:03 GMT" time="0.000" errors="0">
  <testcase name="HomePage" time="0.000" classname="testngFiles2.DependencyAnnot"/>
  <testcase name="LogiPage" time="0.000" classname="testngFiles2.DependencyAnnot"/>
  <testcase name="CreditCardPayment" time="0.000" classname="testngFiles2.DependencyAnnot"/>
  <testcase name="OpeningBrowser" time="0.000" classname="testngFiles2.DependencyAnnot"/>
  <testcase name="FlightBooking" time="0.000" classname="testngFiles2.DependencyAnnot"/>
</testsuite>
