<?xml version="1.0" encoding="UTF-8"?>
<!-- Generated by org.testng.reporters.JUnitReportReporter -->
<testsuite hostname="LAPTOP-U6N7CFLI" name="testngFiles2.Annotations" tests="2" failures="0" timestamp="9 Apr 2017 08:30:03 GMT" time="0.016" errors="0">
  <testcase name="AOpeningBrowser" time="0.000" classname="testngFiles2.Annotations"/>
  <testcase name="FlightBooking" time="0.016" classname="testngFiles2.Annotations"/>
</testsuite>
