<?xml version="1.0" encoding="UTF-8"?>
<!-- Generated by org.testng.reporters.JUnitReportReporter -->
<testsuite hostname="LAPTOP-U6N7CFLI" name="PackTwo.TestBaseClass" tests="1" failures="0" timestamp="9 Apr 2017 08:30:03 GMT" time="99.444" errors="0">
  <testcase name="Login" time="99.444" classname="PackTwo.TestBaseClass"/>
</testsuite>
