<?xml version="1.0" encoding="UTF-8"?>
<!-- Generated by org.testng.reporters.JUnitReportReporter -->
<testsuite skipped="0" hostname="LAPTOP-U6N7CFLI" name="PackTwo.Annot3" tests="1" failures="0" timestamp="03 Apr 2017 21:03:34 GMT" time="97.583" errors="0">
  <testcase name="installSoftware" time="97.583" classname="PackTwo.Annot3"/>
</testsuite> <!-- PackTwo.Annot3 -->
